<?xml version="1.0" encoding="UTF-8"?>
<!-- Generated by org.testng.reporters.JUnitXMLReporter -->
<testsuite ignored="0" hostname="sanket" failures="0" tests="3" name="Default test" time="0.037" errors="0" timestamp="2023-03-03T20:13:54 IST">
  <testcase classname="testNgPack.TestClassXYZ" name="@BeforeTest openBrowser" time="-1.677854634672E9">
    <failure type="org.testng.TestNGException" message="
Parameter &amp;apos;browser&amp;apos; is required by BeforeTest on method openBrowser but has not been marked @Optional or defined
in C:\Users\sanket\AppData\Local\Temp\testng-eclipse--1208637545\testng-customsuite.xml">
      <![CDATA[org.testng.TestNGException: 
Parameter 'browser' is required by BeforeTest on method openBrowser but has not been marked @Optional or defined
in C:\Users\sanket\AppData\Local\Temp\testng-eclipse--1208637545\testng-customsuite.xml
at org.testng.internal.Parameters.createParams(Parameters.java:270)
at org.testng.internal.Parameters.createParametersForMethod(Parameters.java:358)
at org.testng.internal.Parameters.createParameters(Parameters.java:700)
at org.testng.internal.Parameters.createConfigurationParameters(Parameters.java:168)
at org.testng.internal.ConfigInvoker.invokeConfigurations(ConfigInvoker.java:302)
at org.testng.TestRunner.invokeTestConfigurations(TestRunner.java:637)
at org.testng.TestRunner.beforeRun(TestRunner.java:627)
at org.testng.TestRunner.run(TestRunner.java:589)
at org.testng.SuiteRunner.runTest(SuiteRunner.java:377)
at org.testng.SuiteRunner.runSequentially(SuiteRunner.java:371)
at org.testng.SuiteRunner.privateRun(SuiteRunner.java:332)
at org.testng.SuiteRunner.run(SuiteRunner.java:276)
at org.testng.SuiteRunnerWorker.runSuite(SuiteRunnerWorker.java:53)
at org.testng.SuiteRunnerWorker.run(SuiteRunnerWorker.java:96)
at org.testng.TestNG.runSuitesSequentially(TestNG.java:1212)
at org.testng.TestNG.runSuitesLocally(TestNG.java:1134)
at org.testng.TestNG.runSuites(TestNG.java:1063)
at org.testng.TestNG.run(TestNG.java:1031)
at org.testng.remote.AbstractRemoteTestNG.run(AbstractRemoteTestNG.java:115)
at org.testng.remote.RemoteTestNG.initAndRun(RemoteTestNG.java:251)
at org.testng.remote.RemoteTestNG.main(RemoteTestNG.java:77)
]]>
    </failure>
  </testcase> <!-- @BeforeTest openBrowser -->
  <testcase classname="testNgPack.TestClassXYZ" name="@BeforeClass creatPomObjects" time="-1.677854634686E9">
    <skipped/>
  </testcase> <!-- @BeforeClass creatPomObjects -->
  <testcase classname="testNgPack.TestClassXYZ" name="@BeforeMethod beforeMehtod" time="-1.677854634694E9">
    <skipped/>
  </testcase> <!-- @BeforeMethod beforeMehtod -->
  <testcase classname="testNgPack.TestClassXYZ" name="@AfterMethod afterMethod" time="-1.677854634698E9">
    <skipped/>
  </testcase> <!-- @AfterMethod afterMethod -->
  <testcase classname="testNgPack.TestClassXYZ" name="@BeforeMethod beforeMehtod" time="-1.677854634699E9">
    <skipped/>
  </testcase> <!-- @BeforeMethod beforeMehtod -->
  <testcase classname="testNgPack.TestClassXYZ" name="@AfterMethod afterMethod" time="-1.677854634701E9">
    <skipped/>
  </testcase> <!-- @AfterMethod afterMethod -->
  <testcase classname="testNgPack.TestClassXYZ" name="@BeforeMethod beforeMehtod" time="-1.677854634701E9">
    <skipped/>
  </testcase> <!-- @BeforeMethod beforeMehtod -->
  <testcase classname="testNgPack.TestClassXYZ" name="@AfterMethod afterMethod" time="-1.677854634703E9">
    <skipped/>
  </testcase> <!-- @AfterMethod afterMethod -->
  <testcase classname="testNgPack.TestClassXYZ" name="@AfterClass clearPomObjects" time="-1.677854634704E9">
    <skipped/>
  </testcase> <!-- @AfterClass clearPomObjects -->
  <testcase classname="testNgPack.TestClassXYZ" name="@AfterTest afterTest" time="-1.677854634706E9">
    <skipped/>
  </testcase> <!-- @AfterTest afterTest -->
  <testcase classname="testNgPack.TestClassXYZ" name="verifyCookiesLink123" time="0.0">
    <skipped/>
  </testcase> <!-- verifyCookiesLink123 -->
  <testcase classname="testNgPack.TestClassXYZ" name="verifyPrivacyLink123" time="0.0">
    <skipped/>
  </testcase> <!-- verifyPrivacyLink123 -->
  <testcase classname="testNgPack.TestClassXYZ" name="verifyTermLink123" time="0.0">
    <skipped/>
  </testcase> <!-- verifyTermLink123 -->
</testsuite> <!-- Default test -->
