<?xml version="1.0" encoding="UTF-8"?>
<testng-results ignored="0" total="12" passed="6" failed="0" skipped="6">
  <reporter-output>
  </reporter-output>
  <suite started-at="2023-06-09T17:12:42 IST" name="Suite1234" finished-at="2023-06-09T17:12:59 IST" duration-ms="17128">
    <groups>
    </groups>
    <test started-at="2023-06-09T17:12:42 IST" name="ChromeTest" finished-at="2023-06-09T17:12:57 IST" duration-ms="15192">
      <class name="testNgPack.TestClassXYZ">
        <test-method is-config="true" signature="openBrowser(java.lang.String)[pri:0, instance:testNgPack.TestClassXYZ@48ae9b55]" started-at="2023-06-09T17:12:44 IST" name="openBrowser" finished-at="2023-06-09T17:12:44 IST" duration-ms="708" status="PASS">
          <params>
            <param index="0">
              <value>
                <![CDATA[Chrome]]>
              </value>
            </param>
          </params>
          <reporter-output>
          </reporter-output>
        </test-method> <!-- openBrowser -->
        <test-method is-config="true" signature="creatPomObjects()[pri:0, instance:testNgPack.TestClassXYZ@48ae9b55]" started-at="2023-06-09T17:12:44 IST" name="creatPomObjects" finished-at="2023-06-09T17:12:44 IST" duration-ms="23" status="PASS">
          <reporter-output>
          </reporter-output>
        </test-method> <!-- creatPomObjects -->
        <test-method is-config="true" signature="beforeMehtod()[pri:0, instance:testNgPack.TestClassXYZ@48ae9b55]" started-at="2023-06-09T17:12:44 IST" name="beforeMehtod" finished-at="2023-06-09T17:12:45 IST" duration-ms="774" status="PASS">
          <reporter-output>
          </reporter-output>
        </test-method> <!-- beforeMehtod -->
        <test-method signature="verifyCookiesLink123()[pri:0, instance:testNgPack.TestClassXYZ@48ae9b55]" started-at="2023-06-09T17:12:45 IST" name="verifyCookiesLink123" finished-at="2023-06-09T17:12:47 IST" duration-ms="1712" status="PASS">
          <reporter-output>
          </reporter-output>
        </test-method> <!-- verifyCookiesLink123 -->
        <test-method is-config="true" signature="afterMethod(org.testng.ITestResult)[pri:0, instance:testNgPack.TestClassXYZ@48ae9b55]" started-at="2023-06-09T17:12:47 IST" name="afterMethod" finished-at="2023-06-09T17:12:47 IST" duration-ms="15" status="PASS">
          <params>
            <param index="0">
              <value>
                <![CDATA[[TestResult name=verifyCookiesLink123 status=SUCCESS method=TestClassXYZ.verifyCookiesLink123()[pri:0, instance:testNgPack.TestClassXYZ@48ae9b55] output={null}]]]>
              </value>
            </param>
          </params>
          <reporter-output>
          </reporter-output>
        </test-method> <!-- afterMethod -->
        <test-method is-config="true" signature="beforeMehtod()[pri:0, instance:testNgPack.TestClassXYZ@48ae9b55]" started-at="2023-06-09T17:12:47 IST" name="beforeMehtod" finished-at="2023-06-09T17:12:47 IST" duration-ms="525" status="PASS">
          <reporter-output>
          </reporter-output>
        </test-method> <!-- beforeMehtod -->
        <test-method signature="verifyPrivacyLink123()[pri:0, instance:testNgPack.TestClassXYZ@48ae9b55]" started-at="2023-06-09T17:12:47 IST" name="verifyPrivacyLink123" finished-at="2023-06-09T17:12:48 IST" duration-ms="497" status="PASS">
          <reporter-output>
          </reporter-output>
        </test-method> <!-- verifyPrivacyLink123 -->
        <test-method is-config="true" signature="afterMethod(org.testng.ITestResult)[pri:0, instance:testNgPack.TestClassXYZ@48ae9b55]" started-at="2023-06-09T17:12:48 IST" name="afterMethod" finished-at="2023-06-09T17:12:48 IST" duration-ms="7" status="PASS">
          <params>
            <param index="0">
              <value>
                <![CDATA[[TestResult name=verifyPrivacyLink123 status=SUCCESS method=TestClassXYZ.verifyPrivacyLink123()[pri:0, instance:testNgPack.TestClassXYZ@48ae9b55] output={null}]]]>
              </value>
            </param>
          </params>
          <reporter-output>
          </reporter-output>
        </test-method> <!-- afterMethod -->
        <test-method is-config="true" signature="beforeMehtod()[pri:0, instance:testNgPack.TestClassXYZ@48ae9b55]" started-at="2023-06-09T17:12:48 IST" name="beforeMehtod" finished-at="2023-06-09T17:12:48 IST" duration-ms="452" status="PASS">
          <reporter-output>
          </reporter-output>
        </test-method> <!-- beforeMehtod -->
        <test-method signature="verifyTermLink123()[pri:0, instance:testNgPack.TestClassXYZ@48ae9b55]" started-at="2023-06-09T17:12:48 IST" name="verifyTermLink123" finished-at="2023-06-09T17:12:49 IST" duration-ms="391" status="PASS">
          <reporter-output>
          </reporter-output>
        </test-method> <!-- verifyTermLink123 -->
        <test-method is-config="true" signature="afterMethod(org.testng.ITestResult)[pri:0, instance:testNgPack.TestClassXYZ@48ae9b55]" started-at="2023-06-09T17:12:49 IST" name="afterMethod" finished-at="2023-06-09T17:12:49 IST" duration-ms="11" status="PASS">
          <params>
            <param index="0">
              <value>
                <![CDATA[[TestResult name=verifyTermLink123 status=SUCCESS method=TestClassXYZ.verifyTermLink123()[pri:0, instance:testNgPack.TestClassXYZ@48ae9b55] output={null}]]]>
              </value>
            </param>
          </params>
          <reporter-output>
          </reporter-output>
        </test-method> <!-- afterMethod -->
        <test-method is-config="true" signature="clearPomObjects()[pri:0, instance:testNgPack.TestClassXYZ@48ae9b55]" started-at="2023-06-09T17:12:49 IST" name="clearPomObjects" finished-at="2023-06-09T17:12:49 IST" duration-ms="0" status="PASS">
          <reporter-output>
          </reporter-output>
        </test-method> <!-- clearPomObjects -->
        <test-method is-config="true" signature="afterTest()[pri:0, instance:testNgPack.TestClassXYZ@48ae9b55]" started-at="2023-06-09T17:12:57 IST" name="afterTest" finished-at="2023-06-09T17:12:57 IST" duration-ms="114" status="PASS">
          <reporter-output>
          </reporter-output>
        </test-method> <!-- afterTest -->
      </class> <!-- testNgPack.TestClassXYZ -->
      <class name="testNgPack.TestClassABC">
        <test-method is-config="true" signature="openBrowser(java.lang.String)[pri:0, instance:testNgPack.TestClassABC@1139b2f3]" started-at="2023-06-09T17:12:42 IST" name="openBrowser" finished-at="2023-06-09T17:12:44 IST" duration-ms="1779" status="PASS">
          <params>
            <param index="0">
              <value>
                <![CDATA[Chrome]]>
              </value>
            </param>
          </params>
          <reporter-output>
          </reporter-output>
        </test-method> <!-- openBrowser -->
        <test-method is-config="true" signature="creatPomObjects()[pri:0, instance:testNgPack.TestClassABC@1139b2f3]" started-at="2023-06-09T17:12:49 IST" name="creatPomObjects" finished-at="2023-06-09T17:12:49 IST" duration-ms="0" status="PASS">
          <reporter-output>
          </reporter-output>
        </test-method> <!-- creatPomObjects -->
        <test-method is-config="true" signature="beforeMehtod()[pri:0, instance:testNgPack.TestClassABC@1139b2f3]" started-at="2023-06-09T17:12:49 IST" name="beforeMehtod" finished-at="2023-06-09T17:12:50 IST" duration-ms="1186" status="PASS">
          <reporter-output>
          </reporter-output>
        </test-method> <!-- beforeMehtod -->
        <test-method signature="verifyCookiesLink123()[pri:0, instance:testNgPack.TestClassABC@1139b2f3]" started-at="2023-06-09T17:12:50 IST" name="verifyCookiesLink123" finished-at="2023-06-09T17:12:52 IST" duration-ms="1606" status="PASS">
          <reporter-output>
          </reporter-output>
        </test-method> <!-- verifyCookiesLink123 -->
        <test-method is-config="true" signature="afterMethod()[pri:0, instance:testNgPack.TestClassABC@1139b2f3]" started-at="2023-06-09T17:12:52 IST" name="afterMethod" finished-at="2023-06-09T17:12:52 IST" duration-ms="73" status="PASS">
          <reporter-output>
          </reporter-output>
        </test-method> <!-- afterMethod -->
        <test-method is-config="true" signature="beforeMehtod()[pri:0, instance:testNgPack.TestClassABC@1139b2f3]" started-at="2023-06-09T17:12:52 IST" name="beforeMehtod" finished-at="2023-06-09T17:12:52 IST" duration-ms="454" status="PASS">
          <reporter-output>
          </reporter-output>
        </test-method> <!-- beforeMehtod -->
        <test-method signature="verifyPrivacyLink123()[pri:0, instance:testNgPack.TestClassABC@1139b2f3]" started-at="2023-06-09T17:12:52 IST" name="verifyPrivacyLink123" finished-at="2023-06-09T17:12:55 IST" duration-ms="2902" status="PASS">
          <reporter-output>
          </reporter-output>
        </test-method> <!-- verifyPrivacyLink123 -->
        <test-method is-config="true" signature="afterMethod()[pri:0, instance:testNgPack.TestClassABC@1139b2f3]" started-at="2023-06-09T17:12:55 IST" name="afterMethod" finished-at="2023-06-09T17:12:55 IST" duration-ms="69" status="PASS">
          <reporter-output>
          </reporter-output>
        </test-method> <!-- afterMethod -->
        <test-method is-config="true" signature="beforeMehtod()[pri:0, instance:testNgPack.TestClassABC@1139b2f3]" started-at="2023-06-09T17:12:55 IST" name="beforeMehtod" finished-at="2023-06-09T17:12:56 IST" duration-ms="587" status="PASS">
          <reporter-output>
          </reporter-output>
        </test-method> <!-- beforeMehtod -->
        <test-method signature="verifyTermLink123()[pri:0, instance:testNgPack.TestClassABC@1139b2f3]" started-at="2023-06-09T17:12:56 IST" name="verifyTermLink123" finished-at="2023-06-09T17:12:57 IST" duration-ms="1127" status="PASS">
          <reporter-output>
          </reporter-output>
        </test-method> <!-- verifyTermLink123 -->
        <test-method is-config="true" signature="afterMethod()[pri:0, instance:testNgPack.TestClassABC@1139b2f3]" started-at="2023-06-09T17:12:57 IST" name="afterMethod" finished-at="2023-06-09T17:12:57 IST" duration-ms="62" status="PASS">
          <reporter-output>
          </reporter-output>
        </test-method> <!-- afterMethod -->
        <test-method is-config="true" signature="afterTest()[pri:0, instance:testNgPack.TestClassABC@1139b2f3]" started-at="2023-06-09T17:12:57 IST" name="afterTest" finished-at="2023-06-09T17:12:57 IST" duration-ms="93" status="PASS">
          <reporter-output>
          </reporter-output>
        </test-method> <!-- afterTest -->
        <test-method is-config="true" signature="clearPomObjects()[pri:0, instance:testNgPack.TestClassABC@1139b2f3]" started-at="2023-06-09T17:12:57 IST" name="clearPomObjects" finished-at="2023-06-09T17:12:57 IST" duration-ms="0" status="PASS">
          <reporter-output>
          </reporter-output>
        </test-method> <!-- clearPomObjects -->
      </class> <!-- testNgPack.TestClassABC -->
    </test> <!-- ChromeTest -->
    <test started-at="2023-06-09T17:12:57 IST" name="FirefoxTest" finished-at="2023-06-09T17:12:59 IST" duration-ms="1911">
      <class name="testNgPack.TestClassXYZ">
        <test-method is-config="true" signature="openBrowser(java.lang.String)[pri:0, instance:testNgPack.TestClassXYZ@dbf57b3]" started-at="2023-06-09T17:12:59 IST" name="openBrowser" finished-at="2023-06-09T17:12:59 IST" duration-ms="0" status="FAIL">
          <params>
            <param index="0">
              <value>
                <![CDATA[Firefox]]>
              </value>
            </param>
          </params>
          <exception class="java.lang.NullPointerException">
            <message>
              <![CDATA[Cannot invoke "org.openqa.selenium.WebDriver.manage()" because "testNgPack.TestClassXYZ.driver" is null]]>
            </message>
            <full-stacktrace>
              <![CDATA[java.lang.NullPointerException: Cannot invoke "org.openqa.selenium.WebDriver.manage()" because "testNgPack.TestClassXYZ.driver" is null
at testNgPack.TestClassXYZ.openBrowser(TestClassXYZ.java:66)
at java.base/jdk.internal.reflect.NativeMethodAccessorImpl.invoke0(Native Method)
at java.base/jdk.internal.reflect.NativeMethodAccessorImpl.invoke(NativeMethodAccessorImpl.java:77)
at java.base/jdk.internal.reflect.DelegatingMethodAccessorImpl.invoke(DelegatingMethodAccessorImpl.java:43)
at java.base/java.lang.reflect.Method.invoke(Method.java:568)
at org.testng.internal.MethodInvocationHelper.invokeMethod(MethodInvocationHelper.java:133)
at org.testng.internal.MethodInvocationHelper.invokeMethodConsideringTimeout(MethodInvocationHelper.java:62)
at org.testng.internal.ConfigInvoker.invokeConfigurationMethod(ConfigInvoker.java:385)
at org.testng.internal.ConfigInvoker.invokeConfigurations(ConfigInvoker.java:321)
at org.testng.TestRunner.invokeTestConfigurations(TestRunner.java:637)
at org.testng.TestRunner.beforeRun(TestRunner.java:627)
at org.testng.TestRunner.run(TestRunner.java:589)
at org.testng.SuiteRunner.runTest(SuiteRunner.java:377)
at org.testng.SuiteRunner.runSequentially(SuiteRunner.java:371)
at org.testng.SuiteRunner.privateRun(SuiteRunner.java:332)
at org.testng.SuiteRunner.run(SuiteRunner.java:276)
at org.testng.SuiteRunnerWorker.runSuite(SuiteRunnerWorker.java:53)
at org.testng.SuiteRunnerWorker.run(SuiteRunnerWorker.java:96)
at org.testng.TestNG.runSuitesSequentially(TestNG.java:1212)
at org.testng.TestNG.runSuitesLocally(TestNG.java:1134)
at org.testng.TestNG.runSuites(TestNG.java:1063)
at org.testng.TestNG.run(TestNG.java:1031)
at org.testng.remote.AbstractRemoteTestNG.run(AbstractRemoteTestNG.java:115)
at org.testng.remote.RemoteTestNG.initAndRun(RemoteTestNG.java:251)
at org.testng.remote.RemoteTestNG.main(RemoteTestNG.java:77)
]]>
            </full-stacktrace>
          </exception> <!-- java.lang.NullPointerException -->
          <reporter-output>
          </reporter-output>
        </test-method> <!-- openBrowser -->
        <test-method is-config="true" signature="creatPomObjects()[pri:0, instance:testNgPack.TestClassXYZ@dbf57b3]" started-at="2023-06-09T17:12:59 IST" name="creatPomObjects" finished-at="1970-01-01T05:30:00 IST" duration-ms="-1686310979482" status="SKIP">
          <reporter-output>
          </reporter-output>
        </test-method> <!-- creatPomObjects -->
        <test-method is-config="true" signature="beforeMehtod()[pri:0, instance:testNgPack.TestClassXYZ@dbf57b3]" started-at="2023-06-09T17:12:59 IST" name="beforeMehtod" finished-at="1970-01-01T05:30:00 IST" duration-ms="-1686310979484" status="SKIP">
          <reporter-output>
          </reporter-output>
        </test-method> <!-- beforeMehtod -->
        <test-method signature="verifyCookiesLink123()[pri:0, instance:testNgPack.TestClassXYZ@dbf57b3]" started-at="2023-06-09T17:12:59 IST" name="verifyCookiesLink123" finished-at="2023-06-09T17:12:59 IST" duration-ms="0" status="SKIP">
          <exception class="java.lang.NullPointerException">
            <message>
              <![CDATA[Cannot invoke "org.openqa.selenium.WebDriver.manage()" because "testNgPack.TestClassXYZ.driver" is null]]>
            </message>
            <full-stacktrace>
              <![CDATA[java.lang.NullPointerException: Cannot invoke "org.openqa.selenium.WebDriver.manage()" because "testNgPack.TestClassXYZ.driver" is null
at testNgPack.TestClassXYZ.openBrowser(TestClassXYZ.java:66)
at java.base/jdk.internal.reflect.NativeMethodAccessorImpl.invoke0(Native Method)
at java.base/jdk.internal.reflect.NativeMethodAccessorImpl.invoke(NativeMethodAccessorImpl.java:77)
at java.base/jdk.internal.reflect.DelegatingMethodAccessorImpl.invoke(DelegatingMethodAccessorImpl.java:43)
at java.base/java.lang.reflect.Method.invoke(Method.java:568)
at org.testng.internal.MethodInvocationHelper.invokeMethod(MethodInvocationHelper.java:133)
at org.testng.internal.MethodInvocationHelper.invokeMethodConsideringTimeout(MethodInvocationHelper.java:62)
at org.testng.internal.ConfigInvoker.invokeConfigurationMethod(ConfigInvoker.java:385)
at org.testng.internal.ConfigInvoker.invokeConfigurations(ConfigInvoker.java:321)
at org.testng.TestRunner.invokeTestConfigurations(TestRunner.java:637)
at org.testng.TestRunner.beforeRun(TestRunner.java:627)
at org.testng.TestRunner.run(TestRunner.java:589)
at org.testng.SuiteRunner.runTest(SuiteRunner.java:377)
at org.testng.SuiteRunner.runSequentially(SuiteRunner.java:371)
at org.testng.SuiteRunner.privateRun(SuiteRunner.java:332)
at org.testng.SuiteRunner.run(SuiteRunner.java:276)
at org.testng.SuiteRunnerWorker.runSuite(SuiteRunnerWorker.java:53)
at org.testng.SuiteRunnerWorker.run(SuiteRunnerWorker.java:96)
at org.testng.TestNG.runSuitesSequentially(TestNG.java:1212)
at org.testng.TestNG.runSuitesLocally(TestNG.java:1134)
at org.testng.TestNG.runSuites(TestNG.java:1063)
at org.testng.TestNG.run(TestNG.java:1031)
at org.testng.remote.AbstractRemoteTestNG.run(AbstractRemoteTestNG.java:115)
at org.testng.remote.RemoteTestNG.initAndRun(RemoteTestNG.java:251)
at org.testng.remote.RemoteTestNG.main(RemoteTestNG.java:77)
]]>
            </full-stacktrace>
          </exception> <!-- java.lang.NullPointerException -->
          <reporter-output>
          </reporter-output>
        </test-method> <!-- verifyCookiesLink123 -->
        <test-method is-config="true" signature="afterMethod(org.testng.ITestResult)[pri:0, instance:testNgPack.TestClassXYZ@dbf57b3]" started-at="2023-06-09T17:12:59 IST" name="afterMethod" finished-at="1970-01-01T05:30:00 IST" duration-ms="-1686310979486" status="SKIP">
          <reporter-output>
          </reporter-output>
        </test-method> <!-- afterMethod -->
        <test-method is-config="true" signature="beforeMehtod()[pri:0, instance:testNgPack.TestClassXYZ@dbf57b3]" started-at="2023-06-09T17:12:59 IST" name="beforeMehtod" finished-at="1970-01-01T05:30:00 IST" duration-ms="-1686310979486" status="SKIP">
          <reporter-output>
          </reporter-output>
        </test-method> <!-- beforeMehtod -->
        <test-method signature="verifyPrivacyLink123()[pri:0, instance:testNgPack.TestClassXYZ@dbf57b3]" started-at="2023-06-09T17:12:59 IST" name="verifyPrivacyLink123" finished-at="2023-06-09T17:12:59 IST" duration-ms="0" status="SKIP">
          <exception class="java.lang.NullPointerException">
            <message>
              <![CDATA[Cannot invoke "org.openqa.selenium.WebDriver.manage()" because "testNgPack.TestClassXYZ.driver" is null]]>
            </message>
            <full-stacktrace>
              <![CDATA[java.lang.NullPointerException: Cannot invoke "org.openqa.selenium.WebDriver.manage()" because "testNgPack.TestClassXYZ.driver" is null
at testNgPack.TestClassXYZ.openBrowser(TestClassXYZ.java:66)
at java.base/jdk.internal.reflect.NativeMethodAccessorImpl.invoke0(Native Method)
at java.base/jdk.internal.reflect.NativeMethodAccessorImpl.invoke(NativeMethodAccessorImpl.java:77)
at java.base/jdk.internal.reflect.DelegatingMethodAccessorImpl.invoke(DelegatingMethodAccessorImpl.java:43)
at java.base/java.lang.reflect.Method.invoke(Method.java:568)
at org.testng.internal.MethodInvocationHelper.invokeMethod(MethodInvocationHelper.java:133)
at org.testng.internal.MethodInvocationHelper.invokeMethodConsideringTimeout(MethodInvocationHelper.java:62)
at org.testng.internal.ConfigInvoker.invokeConfigurationMethod(ConfigInvoker.java:385)
at org.testng.internal.ConfigInvoker.invokeConfigurations(ConfigInvoker.java:321)
at org.testng.TestRunner.invokeTestConfigurations(TestRunner.java:637)
at org.testng.TestRunner.beforeRun(TestRunner.java:627)
at org.testng.TestRunner.run(TestRunner.java:589)
at org.testng.SuiteRunner.runTest(SuiteRunner.java:377)
at org.testng.SuiteRunner.runSequentially(SuiteRunner.java:371)
at org.testng.SuiteRunner.privateRun(SuiteRunner.java:332)
at org.testng.SuiteRunner.run(SuiteRunner.java:276)
at org.testng.SuiteRunnerWorker.runSuite(SuiteRunnerWorker.java:53)
at org.testng.SuiteRunnerWorker.run(SuiteRunnerWorker.java:96)
at org.testng.TestNG.runSuitesSequentially(TestNG.java:1212)
at org.testng.TestNG.runSuitesLocally(TestNG.java:1134)
at org.testng.TestNG.runSuites(TestNG.java:1063)
at org.testng.TestNG.run(TestNG.java:1031)
at org.testng.remote.AbstractRemoteTestNG.run(AbstractRemoteTestNG.java:115)
at org.testng.remote.RemoteTestNG.initAndRun(RemoteTestNG.java:251)
at org.testng.remote.RemoteTestNG.main(RemoteTestNG.java:77)
]]>
            </full-stacktrace>
          </exception> <!-- java.lang.NullPointerException -->
          <reporter-output>
          </reporter-output>
        </test-method> <!-- verifyPrivacyLink123 -->
        <test-method is-config="true" signature="afterMethod(org.testng.ITestResult)[pri:0, instance:testNgPack.TestClassXYZ@dbf57b3]" started-at="2023-06-09T17:12:59 IST" name="afterMethod" finished-at="1970-01-01T05:30:00 IST" duration-ms="-1686310979488" status="SKIP">
          <reporter-output>
          </reporter-output>
        </test-method> <!-- afterMethod -->
        <test-method signature="verifyTermLink123()[pri:0, instance:testNgPack.TestClassXYZ@dbf57b3]" started-at="2023-06-09T17:12:59 IST" name="verifyTermLink123" finished-at="2023-06-09T17:12:59 IST" duration-ms="0" status="SKIP">
          <exception class="java.lang.NullPointerException">
            <message>
              <![CDATA[Cannot invoke "org.openqa.selenium.WebDriver.manage()" because "testNgPack.TestClassXYZ.driver" is null]]>
            </message>
            <full-stacktrace>
              <![CDATA[java.lang.NullPointerException: Cannot invoke "org.openqa.selenium.WebDriver.manage()" because "testNgPack.TestClassXYZ.driver" is null
at testNgPack.TestClassXYZ.openBrowser(TestClassXYZ.java:66)
at java.base/jdk.internal.reflect.NativeMethodAccessorImpl.invoke0(Native Method)
at java.base/jdk.internal.reflect.NativeMethodAccessorImpl.invoke(NativeMethodAccessorImpl.java:77)
at java.base/jdk.internal.reflect.DelegatingMethodAccessorImpl.invoke(DelegatingMethodAccessorImpl.java:43)
at java.base/java.lang.reflect.Method.invoke(Method.java:568)
at org.testng.internal.MethodInvocationHelper.invokeMethod(MethodInvocationHelper.java:133)
at org.testng.internal.MethodInvocationHelper.invokeMethodConsideringTimeout(MethodInvocationHelper.java:62)
at org.testng.internal.ConfigInvoker.invokeConfigurationMethod(ConfigInvoker.java:385)
at org.testng.internal.ConfigInvoker.invokeConfigurations(ConfigInvoker.java:321)
at org.testng.TestRunner.invokeTestConfigurations(TestRunner.java:637)
at org.testng.TestRunner.beforeRun(TestRunner.java:627)
at org.testng.TestRunner.run(TestRunner.java:589)
at org.testng.SuiteRunner.runTest(SuiteRunner.java:377)
at org.testng.SuiteRunner.runSequentially(SuiteRunner.java:371)
at org.testng.SuiteRunner.privateRun(SuiteRunner.java:332)
at org.testng.SuiteRunner.run(SuiteRunner.java:276)
at org.testng.SuiteRunnerWorker.runSuite(SuiteRunnerWorker.java:53)
at org.testng.SuiteRunnerWorker.run(SuiteRunnerWorker.java:96)
at org.testng.TestNG.runSuitesSequentially(TestNG.java:1212)
at org.testng.TestNG.runSuitesLocally(TestNG.java:1134)
at org.testng.TestNG.runSuites(TestNG.java:1063)
at org.testng.TestNG.run(TestNG.java:1031)
at org.testng.remote.AbstractRemoteTestNG.run(AbstractRemoteTestNG.java:115)
at org.testng.remote.RemoteTestNG.initAndRun(RemoteTestNG.java:251)
at org.testng.remote.RemoteTestNG.main(RemoteTestNG.java:77)
]]>
            </full-stacktrace>
          </exception> <!-- java.lang.NullPointerException -->
          <reporter-output>
          </reporter-output>
        </test-method> <!-- verifyTermLink123 -->
        <test-method is-config="true" signature="beforeMehtod()[pri:0, instance:testNgPack.TestClassXYZ@dbf57b3]" started-at="2023-06-09T17:12:59 IST" name="beforeMehtod" finished-at="1970-01-01T05:30:00 IST" duration-ms="-1686310979489" status="SKIP">
          <reporter-output>
          </reporter-output>
        </test-method> <!-- beforeMehtod -->
        <test-method is-config="true" signature="afterMethod(org.testng.ITestResult)[pri:0, instance:testNgPack.TestClassXYZ@dbf57b3]" started-at="2023-06-09T17:12:59 IST" name="afterMethod" finished-at="1970-01-01T05:30:00 IST" duration-ms="-1686310979490" status="SKIP">
          <reporter-output>
          </reporter-output>
        </test-method> <!-- afterMethod -->
        <test-method is-config="true" signature="clearPomObjects()[pri:0, instance:testNgPack.TestClassXYZ@dbf57b3]" started-at="2023-06-09T17:12:59 IST" name="clearPomObjects" finished-at="1970-01-01T05:30:00 IST" duration-ms="-1686310979491" status="SKIP">
          <reporter-output>
          </reporter-output>
        </test-method> <!-- clearPomObjects -->
        <test-method is-config="true" signature="afterTest()[pri:0, instance:testNgPack.TestClassXYZ@dbf57b3]" started-at="2023-06-09T17:12:59 IST" name="afterTest" finished-at="1970-01-01T05:30:00 IST" duration-ms="-1686310979499" status="SKIP">
          <reporter-output>
          </reporter-output>
        </test-method> <!-- afterTest -->
      </class> <!-- testNgPack.TestClassXYZ -->
      <class name="testNgPack.TestClassABC">
        <test-method is-config="true" signature="openBrowser(java.lang.String)[pri:0, instance:testNgPack.TestClassABC@384ad17b]" started-at="2023-06-09T17:12:57 IST" name="openBrowser" finished-at="2023-06-09T17:12:59 IST" duration-ms="1890" status="PASS">
          <params>
            <param index="0">
              <value>
                <![CDATA[Firefox]]>
              </value>
            </param>
          </params>
          <reporter-output>
          </reporter-output>
        </test-method> <!-- openBrowser -->
        <test-method is-config="true" signature="creatPomObjects()[pri:0, instance:testNgPack.TestClassABC@384ad17b]" started-at="2023-06-09T17:12:59 IST" name="creatPomObjects" finished-at="1970-01-01T05:30:00 IST" duration-ms="-1686310979491" status="SKIP">
          <reporter-output>
          </reporter-output>
        </test-method> <!-- creatPomObjects -->
        <test-method is-config="true" signature="beforeMehtod()[pri:0, instance:testNgPack.TestClassABC@384ad17b]" started-at="2023-06-09T17:12:59 IST" name="beforeMehtod" finished-at="1970-01-01T05:30:00 IST" duration-ms="-1686310979492" status="SKIP">
          <reporter-output>
          </reporter-output>
        </test-method> <!-- beforeMehtod -->
        <test-method signature="verifyCookiesLink123()[pri:0, instance:testNgPack.TestClassABC@384ad17b]" started-at="2023-06-09T17:12:59 IST" name="verifyCookiesLink123" finished-at="2023-06-09T17:12:59 IST" duration-ms="0" status="SKIP">
          <exception class="java.lang.NullPointerException">
            <message>
              <![CDATA[Cannot invoke "org.openqa.selenium.WebDriver.manage()" because "testNgPack.TestClassXYZ.driver" is null]]>
            </message>
            <full-stacktrace>
              <![CDATA[java.lang.NullPointerException: Cannot invoke "org.openqa.selenium.WebDriver.manage()" because "testNgPack.TestClassXYZ.driver" is null
at testNgPack.TestClassXYZ.openBrowser(TestClassXYZ.java:66)
at java.base/jdk.internal.reflect.NativeMethodAccessorImpl.invoke0(Native Method)
at java.base/jdk.internal.reflect.NativeMethodAccessorImpl.invoke(NativeMethodAccessorImpl.java:77)
at java.base/jdk.internal.reflect.DelegatingMethodAccessorImpl.invoke(DelegatingMethodAccessorImpl.java:43)
at java.base/java.lang.reflect.Method.invoke(Method.java:568)
at org.testng.internal.MethodInvocationHelper.invokeMethod(MethodInvocationHelper.java:133)
at org.testng.internal.MethodInvocationHelper.invokeMethodConsideringTimeout(MethodInvocationHelper.java:62)
at org.testng.internal.ConfigInvoker.invokeConfigurationMethod(ConfigInvoker.java:385)
at org.testng.internal.ConfigInvoker.invokeConfigurations(ConfigInvoker.java:321)
at org.testng.TestRunner.invokeTestConfigurations(TestRunner.java:637)
at org.testng.TestRunner.beforeRun(TestRunner.java:627)
at org.testng.TestRunner.run(TestRunner.java:589)
at org.testng.SuiteRunner.runTest(SuiteRunner.java:377)
at org.testng.SuiteRunner.runSequentially(SuiteRunner.java:371)
at org.testng.SuiteRunner.privateRun(SuiteRunner.java:332)
at org.testng.SuiteRunner.run(SuiteRunner.java:276)
at org.testng.SuiteRunnerWorker.runSuite(SuiteRunnerWorker.java:53)
at org.testng.SuiteRunnerWorker.run(SuiteRunnerWorker.java:96)
at org.testng.TestNG.runSuitesSequentially(TestNG.java:1212)
at org.testng.TestNG.runSuitesLocally(TestNG.java:1134)
at org.testng.TestNG.runSuites(TestNG.java:1063)
at org.testng.TestNG.run(TestNG.java:1031)
at org.testng.remote.AbstractRemoteTestNG.run(AbstractRemoteTestNG.java:115)
at org.testng.remote.RemoteTestNG.initAndRun(RemoteTestNG.java:251)
at org.testng.remote.RemoteTestNG.main(RemoteTestNG.java:77)
]]>
            </full-stacktrace>
          </exception> <!-- java.lang.NullPointerException -->
          <reporter-output>
          </reporter-output>
        </test-method> <!-- verifyCookiesLink123 -->
        <test-method is-config="true" signature="beforeMehtod()[pri:0, instance:testNgPack.TestClassABC@384ad17b]" started-at="2023-06-09T17:12:59 IST" name="beforeMehtod" finished-at="1970-01-01T05:30:00 IST" duration-ms="-1686310979494" status="SKIP">
          <reporter-output>
          </reporter-output>
        </test-method> <!-- beforeMehtod -->
        <test-method is-config="true" signature="afterMethod()[pri:0, instance:testNgPack.TestClassABC@384ad17b]" started-at="2023-06-09T17:12:59 IST" name="afterMethod" finished-at="1970-01-01T05:30:00 IST" duration-ms="-1686310979494" status="SKIP">
          <reporter-output>
          </reporter-output>
        </test-method> <!-- afterMethod -->
        <test-method signature="verifyPrivacyLink123()[pri:0, instance:testNgPack.TestClassABC@384ad17b]" started-at="2023-06-09T17:12:59 IST" name="verifyPrivacyLink123" finished-at="2023-06-09T17:12:59 IST" duration-ms="0" status="SKIP">
          <exception class="java.lang.NullPointerException">
            <message>
              <![CDATA[Cannot invoke "org.openqa.selenium.WebDriver.manage()" because "testNgPack.TestClassXYZ.driver" is null]]>
            </message>
            <full-stacktrace>
              <![CDATA[java.lang.NullPointerException: Cannot invoke "org.openqa.selenium.WebDriver.manage()" because "testNgPack.TestClassXYZ.driver" is null
at testNgPack.TestClassXYZ.openBrowser(TestClassXYZ.java:66)
at java.base/jdk.internal.reflect.NativeMethodAccessorImpl.invoke0(Native Method)
at java.base/jdk.internal.reflect.NativeMethodAccessorImpl.invoke(NativeMethodAccessorImpl.java:77)
at java.base/jdk.internal.reflect.DelegatingMethodAccessorImpl.invoke(DelegatingMethodAccessorImpl.java:43)
at java.base/java.lang.reflect.Method.invoke(Method.java:568)
at org.testng.internal.MethodInvocationHelper.invokeMethod(MethodInvocationHelper.java:133)
at org.testng.internal.MethodInvocationHelper.invokeMethodConsideringTimeout(MethodInvocationHelper.java:62)
at org.testng.internal.ConfigInvoker.invokeConfigurationMethod(ConfigInvoker.java:385)
at org.testng.internal.ConfigInvoker.invokeConfigurations(ConfigInvoker.java:321)
at org.testng.TestRunner.invokeTestConfigurations(TestRunner.java:637)
at org.testng.TestRunner.beforeRun(TestRunner.java:627)
at org.testng.TestRunner.run(TestRunner.java:589)
at org.testng.SuiteRunner.runTest(SuiteRunner.java:377)
at org.testng.SuiteRunner.runSequentially(SuiteRunner.java:371)
at org.testng.SuiteRunner.privateRun(SuiteRunner.java:332)
at org.testng.SuiteRunner.run(SuiteRunner.java:276)
at org.testng.SuiteRunnerWorker.runSuite(SuiteRunnerWorker.java:53)
at org.testng.SuiteRunnerWorker.run(SuiteRunnerWorker.java:96)
at org.testng.TestNG.runSuitesSequentially(TestNG.java:1212)
at org.testng.TestNG.runSuitesLocally(TestNG.java:1134)
at org.testng.TestNG.runSuites(TestNG.java:1063)
at org.testng.TestNG.run(TestNG.java:1031)
at org.testng.remote.AbstractRemoteTestNG.run(AbstractRemoteTestNG.java:115)
at org.testng.remote.RemoteTestNG.initAndRun(RemoteTestNG.java:251)
at org.testng.remote.RemoteTestNG.main(RemoteTestNG.java:77)
]]>
            </full-stacktrace>
          </exception> <!-- java.lang.NullPointerException -->
          <reporter-output>
          </reporter-output>
        </test-method> <!-- verifyPrivacyLink123 -->
        <test-method is-config="true" signature="beforeMehtod()[pri:0, instance:testNgPack.TestClassABC@384ad17b]" started-at="2023-06-09T17:12:59 IST" name="beforeMehtod" finished-at="1970-01-01T05:30:00 IST" duration-ms="-1686310979496" status="SKIP">
          <reporter-output>
          </reporter-output>
        </test-method> <!-- beforeMehtod -->
        <test-method is-config="true" signature="afterMethod()[pri:0, instance:testNgPack.TestClassABC@384ad17b]" started-at="2023-06-09T17:12:59 IST" name="afterMethod" finished-at="1970-01-01T05:30:00 IST" duration-ms="-1686310979496" status="SKIP">
          <reporter-output>
          </reporter-output>
        </test-method> <!-- afterMethod -->
        <test-method signature="verifyTermLink123()[pri:0, instance:testNgPack.TestClassABC@384ad17b]" started-at="2023-06-09T17:12:59 IST" name="verifyTermLink123" finished-at="2023-06-09T17:12:59 IST" duration-ms="0" status="SKIP">
          <exception class="java.lang.NullPointerException">
            <message>
              <![CDATA[Cannot invoke "org.openqa.selenium.WebDriver.manage()" because "testNgPack.TestClassXYZ.driver" is null]]>
            </message>
            <full-stacktrace>
              <![CDATA[java.lang.NullPointerException: Cannot invoke "org.openqa.selenium.WebDriver.manage()" because "testNgPack.TestClassXYZ.driver" is null
at testNgPack.TestClassXYZ.openBrowser(TestClassXYZ.java:66)
at java.base/jdk.internal.reflect.NativeMethodAccessorImpl.invoke0(Native Method)
at java.base/jdk.internal.reflect.NativeMethodAccessorImpl.invoke(NativeMethodAccessorImpl.java:77)
at java.base/jdk.internal.reflect.DelegatingMethodAccessorImpl.invoke(DelegatingMethodAccessorImpl.java:43)
at java.base/java.lang.reflect.Method.invoke(Method.java:568)
at org.testng.internal.MethodInvocationHelper.invokeMethod(MethodInvocationHelper.java:133)
at org.testng.internal.MethodInvocationHelper.invokeMethodConsideringTimeout(MethodInvocationHelper.java:62)
at org.testng.internal.ConfigInvoker.invokeConfigurationMethod(ConfigInvoker.java:385)
at org.testng.internal.ConfigInvoker.invokeConfigurations(ConfigInvoker.java:321)
at org.testng.TestRunner.invokeTestConfigurations(TestRunner.java:637)
at org.testng.TestRunner.beforeRun(TestRunner.java:627)
at org.testng.TestRunner.run(TestRunner.java:589)
at org.testng.SuiteRunner.runTest(SuiteRunner.java:377)
at org.testng.SuiteRunner.runSequentially(SuiteRunner.java:371)
at org.testng.SuiteRunner.privateRun(SuiteRunner.java:332)
at org.testng.SuiteRunner.run(SuiteRunner.java:276)
at org.testng.SuiteRunnerWorker.runSuite(SuiteRunnerWorker.java:53)
at org.testng.SuiteRunnerWorker.run(SuiteRunnerWorker.java:96)
at org.testng.TestNG.runSuitesSequentially(TestNG.java:1212)
at org.testng.TestNG.runSuitesLocally(TestNG.java:1134)
at org.testng.TestNG.runSuites(TestNG.java:1063)
at org.testng.TestNG.run(TestNG.java:1031)
at org.testng.remote.AbstractRemoteTestNG.run(AbstractRemoteTestNG.java:115)
at org.testng.remote.RemoteTestNG.initAndRun(RemoteTestNG.java:251)
at org.testng.remote.RemoteTestNG.main(RemoteTestNG.java:77)
]]>
            </full-stacktrace>
          </exception> <!-- java.lang.NullPointerException -->
          <reporter-output>
          </reporter-output>
        </test-method> <!-- verifyTermLink123 -->
        <test-method is-config="true" signature="clearPomObjects()[pri:0, instance:testNgPack.TestClassABC@384ad17b]" started-at="2023-06-09T17:12:59 IST" name="clearPomObjects" finished-at="1970-01-01T05:30:00 IST" duration-ms="-1686310979498" status="SKIP">
          <reporter-output>
          </reporter-output>
        </test-method> <!-- clearPomObjects -->
        <test-method is-config="true" signature="afterMethod()[pri:0, instance:testNgPack.TestClassABC@384ad17b]" started-at="2023-06-09T17:12:59 IST" name="afterMethod" finished-at="1970-01-01T05:30:00 IST" duration-ms="-1686310979498" status="SKIP">
          <reporter-output>
          </reporter-output>
        </test-method> <!-- afterMethod -->
        <test-method is-config="true" signature="afterTest()[pri:0, instance:testNgPack.TestClassABC@384ad17b]" started-at="2023-06-09T17:12:59 IST" name="afterTest" finished-at="1970-01-01T05:30:00 IST" duration-ms="-1686310979499" status="SKIP">
          <reporter-output>
          </reporter-output>
        </test-method> <!-- afterTest -->
      </class> <!-- testNgPack.TestClassABC -->
    </test> <!-- FirefoxTest -->
  </suite> <!-- Suite1234 -->
</testng-results>
